2025-04-04 07:27:49.849731 - Received CBT.V508.FILE298.PDS from FILE298.XMI 
2025-04-04 07:27:49.851257 - Found $$$#DATE.txt (text/plain) in CBT.V508.FILE298.PDS, moved to PDS/$$$#DATE
2025-04-04 07:27:49.851410 - Found $$$DOC.txt (text/plain) in CBT.V508.FILE298.PDS, moved to PDS/$$$DOC
2025-04-04 07:27:49.851562 - Found $INSTALL.txt (text/plain) in CBT.V508.FILE298.PDS, moved to PDS/$INSTALL
2025-04-04 07:27:49.851691 - Found $01DEL.jcl (text/plain) in CBT.V508.FILE298.PDS, moved to PDS/$01DEL
2025-04-04 07:27:49.851817 - Found $02ALLOC.jcl (text/plain) in CBT.V508.FILE298.PDS, moved to PDS/$02ALLOC
2025-04-04 07:27:49.851932 - Found $03ASM.jcl (text/plain) in CBT.V508.FILE298.PDS, moved to PDS/$03ASM
2025-04-04 07:27:49.852066 - Found $04LINK.txt (text/plain) in CBT.V508.FILE298.PDS, moved to PDS/$04LINK
2025-04-04 07:27:49.852211 - Found $05REC.jcl (text/plain) in CBT.V508.FILE298.PDS, moved to PDS/$05REC
2025-04-04 07:27:49.852328 - Found $06APPX.jcl (text/plain) in CBT.V508.FILE298.PDS, moved to PDS/$06APPX
2025-04-04 07:27:49.852443 - Found $07APP.jcl (text/plain) in CBT.V508.FILE298.PDS, moved to PDS/$07APP
2025-04-04 07:27:49.852558 - Found $08ACCX.jcl (text/plain) in CBT.V508.FILE298.PDS, moved to PDS/$08ACCX
2025-04-04 07:27:49.852669 - Found $09ACC.jcl (text/plain) in CBT.V508.FILE298.PDS, moved to PDS/$09ACC
2025-04-04 07:27:49.852788 - Found $10USRMD.jcl (text/plain) in CBT.V508.FILE298.PDS, moved to PDS/$10USRMD
2025-04-04 07:27:49.852911 - Found #01ADEL.jcl (text/plain) in CBT.V508.FILE298.PDS, moved to PDS/#01ADEL
2025-04-04 07:27:49.853029 - Found #02AALLO.txt (text/plain) in CBT.V508.FILE298.PDS, moved to PDS/#02AALLO
2025-04-04 07:27:49.853144 - Found #03AASM.txt (text/plain) in CBT.V508.FILE298.PDS, moved to PDS/#03AASM
2025-04-04 07:27:49.853274 - Found #04ALINK.txt (text/plain) in CBT.V508.FILE298.PDS, moved to PDS/#04ALINK
2025-04-04 07:27:49.853387 - Found #05ACOPY.jcl (text/plain) in CBT.V508.FILE298.PDS, moved to PDS/#05ACOPY
2025-04-04 07:27:49.853801 - Found @FILE298.txt (text/plain) in CBT.V508.FILE298.PDS, moved to PDS/@FILE298
2025-04-04 07:27:49.853922 - Found @11PANLB.jcl (text/plain) in CBT.V508.FILE298.PDS, moved to PDS/@11PANLB
2025-04-04 07:27:49.854056 - Found @12BVRFY.jcl (text/plain) in CBT.V508.FILE298.PDS, moved to PDS/@12BVRFY
2025-04-04 07:27:49.854184 - Found @13BCLEN.jcl (text/plain) in CBT.V508.FILE298.PDS, moved to PDS/@13BCLEN
2025-04-04 07:27:49.854335 - Found @14TVRFY.txt (text/plain) in CBT.V508.FILE298.PDS, moved to PDS/@14TVRFY
2025-04-04 07:27:49.854507 - Found GGU0200.jcl (text/plain) in CBT.V508.FILE298.PDS, moved to PDS/GGU0200
2025-04-04 07:27:49.854641 - Found GTEDAALC.txt (text/plain) in CBT.V508.FILE298.PDS, moved to PDS/GTEDAALC
2025-04-04 07:27:49.855424 - Found GTEDADAT.txt (text/plain) in CBT.V508.FILE298.PDS, moved to PDS/GTEDADAT
2025-04-04 07:27:49.855589 - Found GTEDADOC.txt (text/plain) in CBT.V508.FILE298.PDS, moved to PDS/GTEDADOC
2025-04-04 07:27:49.855727 - Found GTEDASET.txt (text/plain) in CBT.V508.FILE298.PDS, moved to PDS/GTEDASET
2025-04-04 07:27:49.855854 - Found GTEUAA0.txt (text/plain) in CBT.V508.FILE298.PDS, moved to PDS/GTEUAA0
2025-04-04 07:27:49.856246 - Found GTEUAB0.txt (text/plain) in CBT.V508.FILE298.PDS, moved to PDS/GTEUAB0
2025-04-04 07:27:49.856374 - Found GTEUAD0.txt (text/plain) in CBT.V508.FILE298.PDS, moved to PDS/GTEUAD0
2025-04-04 07:27:49.856487 - Found GTEUA00.txt (text/plain) in CBT.V508.FILE298.PDS, moved to PDS/GTEUA00
2025-04-04 07:27:49.856629 - Found GTEUA01.txt (text/plain) in CBT.V508.FILE298.PDS, moved to PDS/GTEUA01
2025-04-04 07:27:49.856764 - Found GTEUA02.txt (text/plain) in CBT.V508.FILE298.PDS, moved to PDS/GTEUA02
2025-04-04 07:27:49.856885 - Found GTEUA03.txt (text/plain) in CBT.V508.FILE298.PDS, moved to PDS/GTEUA03
2025-04-04 07:27:49.857004 - Found GTEUA04.txt (text/plain) in CBT.V508.FILE298.PDS, moved to PDS/GTEUA04
2025-04-04 07:27:49.857121 - Found GTEUA05.txt (text/plain) in CBT.V508.FILE298.PDS, moved to PDS/GTEUA05
2025-04-04 07:27:49.857234 - Found GTEUA1T.txt (text/plain) in CBT.V508.FILE298.PDS, moved to PDS/GTEUA1T
2025-04-04 07:27:49.857352 - Found GTEUA10.txt (text/plain) in CBT.V508.FILE298.PDS, moved to PDS/GTEUA10
2025-04-04 07:27:49.857463 - Found GTEUA3T.txt (text/plain) in CBT.V508.FILE298.PDS, moved to PDS/GTEUA3T
2025-04-04 07:27:49.857583 - Found GTEUA30.txt (text/plain) in CBT.V508.FILE298.PDS, moved to PDS/GTEUA30
2025-04-04 07:27:49.857700 - Found GTEUA4T.txt (text/plain) in CBT.V508.FILE298.PDS, moved to PDS/GTEUA4T
2025-04-04 07:27:49.857821 - Found GTEUA40.txt (text/plain) in CBT.V508.FILE298.PDS, moved to PDS/GTEUA40
2025-04-04 07:27:49.857952 - Found GTEUA5T.txt (text/plain) in CBT.V508.FILE298.PDS, moved to PDS/GTEUA5T
2025-04-04 07:27:49.858085 - Found GTEUA50.txt (text/plain) in CBT.V508.FILE298.PDS, moved to PDS/GTEUA50
2025-04-04 07:27:49.858206 - Found GTEUA6T.txt (text/plain) in CBT.V508.FILE298.PDS, moved to PDS/GTEUA6T
2025-04-04 07:27:49.858326 - Found GTEUA60.txt (text/plain) in CBT.V508.FILE298.PDS, moved to PDS/GTEUA60
2025-04-04 07:27:49.858452 - Found GTEUA7T.txt (text/plain) in CBT.V508.FILE298.PDS, moved to PDS/GTEUA7T
2025-04-04 07:27:49.858575 - Found GTEUA70.txt (text/plain) in CBT.V508.FILE298.PDS, moved to PDS/GTEUA70
2025-04-04 07:27:49.858691 - Found GTEUA8T.txt (text/plain) in CBT.V508.FILE298.PDS, moved to PDS/GTEUA8T
2025-04-04 07:27:49.858818 - Found GTEUA80.txt (text/plain) in CBT.V508.FILE298.PDS, moved to PDS/GTEUA80
2025-04-04 07:27:49.859090 - Found GTEUJ00.txt (text/plain) in CBT.V508.FILE298.PDS, moved to PDS/GTEUJ00
2025-04-04 07:27:49.859256 - Found GTEUJ01.txt (text/plain) in CBT.V508.FILE298.PDS, moved to PDS/GTEUJ01
2025-04-04 07:27:49.859384 - Found GTEUJ02.txt (text/plain) in CBT.V508.FILE298.PDS, moved to PDS/GTEUJ02
2025-04-04 07:27:49.859502 - Found GTEUJ03.txt (text/plain) in CBT.V508.FILE298.PDS, moved to PDS/GTEUJ03
2025-04-04 07:27:49.859617 - Found GTEUJ04.txt (text/plain) in CBT.V508.FILE298.PDS, moved to PDS/GTEUJ04
2025-04-04 07:27:49.859735 - Found GTEUJ05.txt (text/plain) in CBT.V508.FILE298.PDS, moved to PDS/GTEUJ05
2025-04-04 07:27:49.859850 - Found GTEUM01.txt (text/plain) in CBT.V508.FILE298.PDS, moved to PDS/GTEUM01
2025-04-04 07:27:49.859964 - Found GTEUM02.txt (text/plain) in CBT.V508.FILE298.PDS, moved to PDS/GTEUM02
2025-04-04 07:27:49.860077 - Found GTEUM03.txt (text/plain) in CBT.V508.FILE298.PDS, moved to PDS/GTEUM03
2025-04-04 07:27:49.860202 - Found GTEUM04.txt (text/plain) in CBT.V508.FILE298.PDS, moved to PDS/GTEUM04
2025-04-04 07:27:49.860601 - Found GTEUPUP.txt (text/plain) in CBT.V508.FILE298.PDS, moved to PDS/GTEUPUP
2025-04-04 07:27:49.860860 - Found GTEUPUPH.txt (text/plain) in CBT.V508.FILE298.PDS, moved to PDS/GTEUPUPH
